  main.cpp
c:\users\cherw\desktop\github\old projects\dice\dice\main.cpp(106): warning C4244: 'initializing': conversion from 'double' to 'float', possible loss of data
c:\users\cherw\desktop\github\old projects\dice\dice\main.cpp(107): warning C4244: 'initializing': conversion from 'double' to 'float', possible loss of data
c:\users\cherw\desktop\github\old projects\dice\dice\main.cpp(110): warning C4244: '-=': conversion from 'float' to 'LONG', possible loss of data
c:\users\cherw\desktop\github\old projects\dice\dice\main.cpp(111): warning C4244: '-=': conversion from 'float' to 'LONG', possible loss of data
c:\users\cherw\desktop\github\old projects\dice\dice\main.cpp(118): warning C4244: '=': conversion from 'float' to 'LONG', possible loss of data
c:\users\cherw\desktop\github\old projects\dice\dice\main.cpp(119): warning C4244: '=': conversion from 'float' to 'LONG', possible loss of data
c:\users\cherw\desktop\github\old projects\dice\dice\main.cpp(125): warning C4244: 'initializing': conversion from 'double' to 'float', possible loss of data
c:\users\cherw\desktop\github\old projects\dice\dice\main.cpp(126): warning C4244: 'initializing': conversion from 'double' to 'float', possible loss of data
c:\users\cherw\desktop\github\old projects\dice\dice\main.cpp(129): warning C4244: '-=': conversion from 'float' to 'LONG', possible loss of data
c:\users\cherw\desktop\github\old projects\dice\dice\main.cpp(130): warning C4244: '-=': conversion from 'float' to 'LONG', possible loss of data
c:\users\cherw\desktop\github\old projects\dice\dice\main.cpp(137): warning C4244: '=': conversion from 'float' to 'LONG', possible loss of data
c:\users\cherw\desktop\github\old projects\dice\dice\main.cpp(138): warning C4244: '=': conversion from 'float' to 'LONG', possible loss of data
c:\users\cherw\desktop\github\old projects\dice\dice\main.cpp(221): warning C4244: 'initializing': conversion from 'double' to 'int', possible loss of data
c:\users\cherw\desktop\github\old projects\dice\dice\main.cpp(222): warning C4244: 'initializing': conversion from 'double' to 'int', possible loss of data
c:\users\cherw\desktop\github\old projects\dice\dice\main.cpp(225): warning C4244: 'initializing': conversion from 'double' to 'int', possible loss of data
c:\users\cherw\desktop\github\old projects\dice\dice\main.cpp(226): warning C4244: 'initializing': conversion from 'double' to 'int', possible loss of data
c:\users\cherw\desktop\github\old projects\dice\dice\main.cpp(228): warning C4244: 'initializing': conversion from 'double' to 'int', possible loss of data
c:\users\cherw\desktop\github\old projects\dice\dice\main.cpp(229): warning C4244: 'initializing': conversion from 'double' to 'int', possible loss of data
c:\users\cherw\desktop\github\old projects\dice\dice\main.cpp(478): warning C4244: 'initializing': conversion from 'double' to 'int', possible loss of data
c:\users\cherw\desktop\github\old projects\dice\dice\main.cpp(479): warning C4244: 'initializing': conversion from 'double' to 'int', possible loss of data
c:\users\cherw\desktop\github\old projects\dice\dice\main.cpp(482): warning C4244: 'initializing': conversion from 'double' to 'int', possible loss of data
c:\users\cherw\desktop\github\old projects\dice\dice\main.cpp(483): warning C4244: 'initializing': conversion from 'double' to 'int', possible loss of data
c:\users\cherw\desktop\github\old projects\dice\dice\main.cpp(485): warning C4244: 'initializing': conversion from 'double' to 'int', possible loss of data
c:\users\cherw\desktop\github\old projects\dice\dice\main.cpp(486): warning C4244: 'initializing': conversion from 'double' to 'int', possible loss of data
c:\users\cherw\desktop\github\old projects\dice\dice\main.cpp(735): warning C4244: 'initializing': conversion from 'double' to 'int', possible loss of data
c:\users\cherw\desktop\github\old projects\dice\dice\main.cpp(736): warning C4244: 'initializing': conversion from 'double' to 'int', possible loss of data
c:\users\cherw\desktop\github\old projects\dice\dice\main.cpp(739): warning C4244: 'initializing': conversion from 'double' to 'int', possible loss of data
c:\users\cherw\desktop\github\old projects\dice\dice\main.cpp(740): warning C4244: 'initializing': conversion from 'double' to 'int', possible loss of data
c:\users\cherw\desktop\github\old projects\dice\dice\main.cpp(742): warning C4244: 'initializing': conversion from 'double' to 'int', possible loss of data
c:\users\cherw\desktop\github\old projects\dice\dice\main.cpp(743): warning C4244: 'initializing': conversion from 'double' to 'int', possible loss of data
c:\users\cherw\desktop\github\old projects\dice\dice\main.cpp(992): warning C4244: 'initializing': conversion from 'double' to 'int', possible loss of data
c:\users\cherw\desktop\github\old projects\dice\dice\main.cpp(993): warning C4244: 'initializing': conversion from 'double' to 'int', possible loss of data
c:\users\cherw\desktop\github\old projects\dice\dice\main.cpp(996): warning C4244: 'initializing': conversion from 'double' to 'int', possible loss of data
c:\users\cherw\desktop\github\old projects\dice\dice\main.cpp(997): warning C4244: 'initializing': conversion from 'double' to 'int', possible loss of data
c:\users\cherw\desktop\github\old projects\dice\dice\main.cpp(999): warning C4244: 'initializing': conversion from 'double' to 'int', possible loss of data
c:\users\cherw\desktop\github\old projects\dice\dice\main.cpp(1000): warning C4244: 'initializing': conversion from 'double' to 'int', possible loss of data
c:\users\cherw\desktop\github\old projects\dice\dice\main.cpp(1249): warning C4244: 'initializing': conversion from 'double' to 'int', possible loss of data
c:\users\cherw\desktop\github\old projects\dice\dice\main.cpp(1250): warning C4244: 'initializing': conversion from 'double' to 'int', possible loss of data
c:\users\cherw\desktop\github\old projects\dice\dice\main.cpp(1253): warning C4244: 'initializing': conversion from 'double' to 'int', possible loss of data
c:\users\cherw\desktop\github\old projects\dice\dice\main.cpp(1254): warning C4244: 'initializing': conversion from 'double' to 'int', possible loss of data
c:\users\cherw\desktop\github\old projects\dice\dice\main.cpp(1256): warning C4244: 'initializing': conversion from 'double' to 'int', possible loss of data
c:\users\cherw\desktop\github\old projects\dice\dice\main.cpp(1257): warning C4244: 'initializing': conversion from 'double' to 'int', possible loss of data
c:\users\cherw\desktop\github\old projects\dice\dice\main.cpp(1527): warning C4018: '<': signed/unsigned mismatch
c:\users\cherw\desktop\github\old projects\dice\dice\main.cpp(1691): warning C4244: '*=': conversion from 'double' to 'int', possible loss of data
c:\users\cherw\desktop\github\old projects\dice\dice\main.cpp(1695): warning C4244: '/=': conversion from 'double' to 'int', possible loss of data
c:\users\cherw\desktop\github\old projects\dice\dice\main.cpp(1714): warning C4018: '<': signed/unsigned mismatch
  Die.cpp
  Generating Code...
  Dice.vcxproj -> C:\Users\cherw\Desktop\Github\Old Projects\Dice\Debug\Dice.exe
